TN:
SF:src\routes\predictions.ts
FN:52,(anonymous_0)
FN:144,(anonymous_1)
FN:184,(anonymous_2)
FNF:3
FNH:0
FNDA:0,(anonymous_0)
FNDA:0,(anonymous_1)
FNDA:0,(anonymous_2)
DA:15,0
DA:16,0
DA:18,0
DA:19,0
DA:22,0
DA:23,0
DA:24,0
DA:52,0
DA:53,0
DA:54,0
DA:57,0
DA:58,0
DA:64,0
DA:67,0
DA:68,0
DA:73,0
DA:74,0
DA:78,0
DA:80,0
DA:81,0
DA:84,0
DA:85,0
DA:87,0
DA:88,0
DA:89,0
DA:90,0
DA:92,0
DA:93,0
DA:95,0
DA:97,0
DA:98,0
DA:99,0
DA:101,0
DA:108,0
DA:109,0
DA:110,0
DA:113,0
DA:127,0
DA:129,0
DA:131,0
DA:133,0
DA:144,0
DA:145,0
DA:147,0
DA:149,0
DA:150,0
DA:157,0
DA:168,0
DA:173,0
DA:184,0
DA:185,0
DA:187,0
DA:188,0
DA:191,0
LF:54
LH:0
BRDA:57,0,0,0
BRDA:57,0,1,0
BRDA:57,1,0,0
BRDA:57,1,1,0
BRDA:57,1,2,0
BRDA:73,2,0,0
BRDA:73,2,1,0
BRDA:73,3,0,0
BRDA:73,3,1,0
BRDA:80,4,0,0
BRDA:80,4,1,0
BRDA:93,5,0,0
BRDA:93,5,1,0
BRDA:135,6,0,0
BRDA:135,6,1,0
BRDA:149,7,0,0
BRDA:149,7,1,0
BRDA:187,8,0,0
BRDA:187,8,1,0
BRF:19
BRH:0
end_of_record
TN:
SF:src\scripts\catchUpSync.ts
FN:25,log
FN:38,getLastDate
FN:50,getDaysBetweenInclusive
FN:67,getDaysBetween
FN:84,chunkDates
FN:95,catchUpSync
FN:177,(anonymous_6)
FN:230,(anonymous_7)
FN:234,(anonymous_8)
FNF:9
FNH:0
FNDA:0,log
FNDA:0,getLastDate
FNDA:0,getDaysBetweenInclusive
FNDA:0,getDaysBetween
FNDA:0,chunkDates
FNDA:0,catchUpSync
FNDA:0,(anonymous_6)
FNDA:0,(anonymous_7)
FNDA:0,(anonymous_8)
DA:19,0
DA:20,0
DA:22,0
DA:26,0
DA:27,0
DA:28,0
DA:31,0
DA:32,0
DA:39,0
DA:44,0
DA:51,0
DA:52,0
DA:53,0
DA:56,0
DA:57,0
DA:58,0
DA:61,0
DA:68,0
DA:69,0
DA:70,0
DA:73,0
DA:74,0
DA:75,0
DA:78,0
DA:85,0
DA:86,0
DA:87,0
DA:89,0
DA:96,0
DA:97,0
DA:98,0
DA:100,0
DA:101,0
DA:103,0
DA:105,0
DA:107,0
DA:108,0
DA:109,0
DA:112,0
DA:115,0
DA:116,0
DA:117,0
DA:122,0
DA:123,0
DA:124,0
DA:126,0
DA:129,0
DA:131,0
DA:132,0
DA:133,0
DA:136,0
DA:139,0
DA:140,0
DA:141,0
DA:142,0
DA:144,0
DA:145,0
DA:146,0
DA:147,0
DA:149,0
DA:154,0
DA:155,0
DA:156,0
DA:158,0
DA:159,0
DA:161,0
DA:162,0
DA:163,0
DA:164,0
DA:165,0
DA:167,0
DA:169,0
DA:170,0
DA:171,0
DA:172,0
DA:173,0
DA:176,0
DA:177,0
DA:180,0
DA:184,0
DA:187,0
DA:188,0
DA:189,0
DA:191,0
DA:192,0
DA:193,0
DA:194,0
DA:196,0
DA:200,0
DA:201,0
DA:202,0
DA:204,0
DA:205,0
DA:207,0
DA:208,0
DA:210,0
DA:211,0
DA:213,0
DA:216,0
DA:217,0
DA:220,0
DA:221,0
DA:222,0
DA:224,0
DA:229,0
DA:231,0
DA:232,0
DA:235,0
DA:236,0
DA:237,0
LF:110
LH:0
BRDA:84,0,0,0
BRDA:107,1,0,0
BRDA:107,1,1,0
BRDA:131,2,0,0
BRDA:131,2,1,0
BRDA:139,3,0,0
BRDA:139,3,1,0
BRDA:176,4,0,0
BRDA:176,4,1,0
BRF:9
BRH:0
end_of_record
TN:
SF:src\scripts\checkData.ts
FN:35,(anonymous_0)
FN:48,(anonymous_1)
FNF:2
FNH:0
FNDA:0,(anonymous_0)
FNDA:0,(anonymous_1)
DA:6,0
DA:7,0
DA:8,0
DA:10,0
DA:13,0
DA:15,0
DA:22,0
DA:24,0
DA:25,0
DA:26,0
DA:35,0
DA:36,0
DA:39,0
DA:40,0
DA:41,0
DA:48,0
DA:49,0
DA:53,0
LF:18
LH:0
BRDA:24,0,0,0
BRDA:24,0,1,0
BRF:2
BRH:0
end_of_record
TN:
SF:src\scripts\debugDateFormat.ts
FN:12,debugDateFormat
FN:18,(anonymous_1)
FN:40,(anonymous_2)
FN:40,(anonymous_3)
FNF:4
FNH:0
FNDA:0,debugDateFormat
FNDA:0,(anonymous_1)
FNDA:0,(anonymous_2)
FNDA:0,(anonymous_3)
DA:8,0
DA:9,0
DA:10,0
DA:13,0
DA:16,0
DA:17,0
DA:18,0
DA:19,0
DA:23,0
DA:24,0
DA:26,0
DA:27,0
DA:28,0
DA:31,0
DA:32,0
DA:33,0
DA:34,0
DA:37,0
DA:40,0
LF:19
LH:0
BRDA:26,0,0,0
BRDA:26,0,1,0
BRF:2
BRH:0
end_of_record
TN:
SF:src\scripts\fetchMissingAllData.ts
FN:30,log
FN:41,fetchAllMissingData
FN:188,(anonymous_2)
FN:192,(anonymous_3)
FNF:4
FNH:0
FNDA:0,log
FNDA:0,fetchAllMissingData
FNDA:0,(anonymous_2)
FNDA:0,(anonymous_3)
DA:15,0
DA:16,0
DA:18,0
DA:19,0
DA:20,0
DA:23,0
DA:24,0
DA:31,0
DA:32,0
DA:34,0
DA:35,0
DA:42,0
DA:43,0
DA:44,0
DA:46,0
DA:48,0
DA:50,0
DA:51,0
DA:53,0
DA:54,0
DA:59,0
DA:60,0
DA:61,0
DA:63,0
DA:64,0
DA:71,0
DA:73,0
DA:74,0
DA:76,0
DA:77,0
DA:78,0
DA:80,0
DA:81,0
DA:84,0
DA:90,0
DA:91,0
DA:92,0
DA:94,0
DA:95,0
DA:102,0
DA:104,0
DA:105,0
DA:107,0
DA:108,0
DA:110,0
DA:111,0
DA:113,0
DA:114,0
DA:117,0
DA:123,0
DA:124,0
DA:125,0
DA:127,0
DA:128,0
DA:135,0
DA:137,0
DA:138,0
DA:140,0
DA:142,0
DA:143,0
DA:145,0
DA:146,0
DA:149,0
DA:155,0
DA:156,0
DA:157,0
DA:160,0
DA:161,0
DA:162,0
DA:164,0
DA:165,0
DA:166,0
DA:168,0
DA:171,0
DA:172,0
DA:173,0
DA:175,0
DA:176,0
DA:179,0
DA:180,0
DA:182,0
DA:187,0
DA:189,0
DA:190,0
DA:193,0
DA:194,0
DA:195,0
LF:87
LH:0
BRDA:23,0,0,0
BRDA:23,0,1,0
BRDA:73,1,0,0
BRDA:73,1,1,0
BRDA:104,2,0,0
BRDA:104,2,1,0
BRDA:137,3,0,0
BRDA:137,3,1,0
BRDA:175,4,0,0
BRDA:175,4,1,0
BRF:10
BRH:0
end_of_record
TN:
SF:src\scripts\fetchMissingData.ts
FN:18,fetchMissingData
FN:81,(anonymous_1)
FN:110,(anonymous_2)
FN:114,(anonymous_3)
FNF:4
FNH:0
FNDA:0,fetchMissingData
FNDA:0,(anonymous_1)
FNDA:0,(anonymous_2)
FNDA:0,(anonymous_3)
DA:13,0
DA:14,0
DA:16,0
DA:19,0
DA:20,0
DA:21,0
DA:23,0
DA:25,0
DA:27,0
DA:32,0
DA:33,0
DA:34,0
DA:37,0
DA:38,0
DA:40,0
DA:41,0
DA:44,0
DA:46,0
DA:49,0
DA:51,0
DA:52,0
DA:55,0
DA:60,0
DA:61,0
DA:62,0
DA:65,0
DA:79,0
DA:80,0
DA:81,0
DA:82,0
DA:85,0
DA:88,0
DA:90,0
DA:91,0
DA:92,0
DA:93,0
DA:95,0
DA:98,0
DA:101,0
DA:102,0
DA:104,0
DA:109,0
DA:111,0
DA:112,0
DA:115,0
DA:116,0
LF:46
LH:0
BRDA:79,0,0,0
BRDA:79,0,1,0
BRDA:90,1,0,0
BRDA:90,1,1,0
BRF:4
BRH:0
end_of_record
TN:
SF:src\scripts\testInsert.ts
FN:12,testInsert
FN:55,(anonymous_1)
FN:55,(anonymous_2)
FNF:3
FNH:0
FNDA:0,testInsert
FNDA:0,(anonymous_1)
FNDA:0,(anonymous_2)
DA:8,0
DA:9,0
DA:10,0
DA:14,0
DA:16,0
DA:17,0
DA:18,0
DA:21,0
DA:22,0
DA:23,0
DA:24,0
DA:26,0
DA:29,0
DA:30,0
DA:35,0
DA:36,0
DA:37,0
DA:40,0
DA:44,0
DA:45,0
DA:48,0
DA:49,0
DA:52,0
DA:55,0
LF:24
LH:0
BRDA:16,0,0,0
BRDA:16,0,1,0
BRF:2
BRH:0
end_of_record
TN:
SF:src\scripts\weeklyModelTraining.ts
FN:26,log
FN:44,main
FNF:2
FNH:0
FNDA:0,log
FNDA:0,main
DA:18,0
DA:19,0
DA:20,0
DA:21,0
DA:27,0
DA:28,0
DA:30,0
DA:33,0
DA:34,0
DA:38,0
DA:45,0
DA:46,0
DA:47,0
DA:49,0
DA:51,0
DA:52,0
DA:55,0
DA:58,0
DA:60,0
DA:67,0
DA:68,0
DA:69,0
DA:70,0
DA:72,0
DA:73,0
DA:75,0
DA:78,0
DA:80,0
DA:81,0
DA:84,0
DA:85,0
DA:86,0
DA:87,0
DA:91,0
DA:93,0
DA:98,0
LF:36
LH:0
BRDA:33,0,0,0
BRDA:33,0,1,0
BRDA:51,1,0,0
BRDA:51,1,1,0
BRDA:80,2,0,0
BRDA:80,2,1,0
BRDA:84,3,0,0
BRDA:84,3,1,0
BRF:8
BRH:0
end_of_record
TN:
SF:src\services\cleanData.ts
FN:23,cleanMCPData
FN:90,generateEPIASVerificationURL
FN:112,(anonymous_2)
FNF:3
FNH:0
FNDA:0,cleanMCPData
FNDA:0,generateEPIASVerificationURL
FNDA:0,(anonymous_2)
DA:10,0
DA:24,0
DA:26,0
DA:34,0
DA:36,0
DA:37,0
DA:38,0
DA:41,0
DA:49,0
DA:56,0
DA:59,0
DA:60,0
DA:61,0
DA:63,0
DA:65,0
DA:70,0
DA:76,0
DA:77,0
DA:78,0
DA:81,0
DA:84,0
DA:91,0
DA:92,0
DA:94,0
DA:98,0
DA:99,0
DA:101,0
DA:103,0
DA:104,0
DA:105,0
DA:106,0
DA:107,0
DA:108,0
DA:110,0
DA:111,0
DA:112,0
DA:113,0
DA:116,0
DA:117,0
DA:121,0
DA:122,0
DA:123,0
DA:124,0
DA:125,0
DA:126,0
DA:128,0
LF:46
LH:0
BRDA:61,0,0,0
BRDA:61,0,1,0
BRDA:63,1,0,0
BRDA:63,1,1,0
BRDA:63,2,0,0
BRDA:63,2,1,0
BRDA:98,3,0,0
BRDA:98,3,1,0
BRDA:110,4,0,0
BRDA:110,4,1,0
BRDA:116,5,0,0
BRDA:116,5,1,0
BRDA:124,6,0,0
BRDA:124,6,1,0
BRF:14
BRH:0
end_of_record
TN:
SF:src\services\database.ts
FN:23,initDatabase
FN:145,insertMCPData
FN:152,(anonymous_2)
FN:171,getMCPData
FN:187,getMCPCount
FN:199,insertGenerationData
FN:209,(anonymous_6)
FN:232,insertConsumptionData
FN:238,(anonymous_8)
FN:254,getAllCounts
FN:269,closeDatabase
FNF:11
FNH:0
FNDA:0,initDatabase
FNDA:0,insertMCPData
FNDA:0,(anonymous_2)
FNDA:0,getMCPData
FNDA:0,getMCPCount
FNDA:0,insertGenerationData
FNDA:0,(anonymous_6)
FNDA:0,insertConsumptionData
FNDA:0,(anonymous_8)
FNDA:0,getAllCounts
FNDA:0,closeDatabase
DA:8,0
DA:9,0
DA:12,0
DA:15,0
DA:18,0
DA:24,0
DA:27,0
DA:41,0
DA:47,0
DA:74,0
DA:80,0
DA:91,0
DA:97,0
DA:112,0
DA:118,0
DA:132,0
DA:136,0
DA:146,0
DA:152,0
DA:153,0
DA:154,0
DA:158,0
DA:160,0
DA:161,0
DA:172,0
DA:179,0
DA:188,0
DA:189,0
DA:190,0
DA:200,0
DA:209,0
DA:210,0
DA:211,0
DA:220,0
DA:222,0
DA:223,0
DA:233,0
DA:238,0
DA:239,0
DA:241,0
DA:245,0
DA:247,0
DA:248,0
DA:255,0
DA:256,0
DA:257,0
DA:259,0
DA:270,0
DA:271,0
LF:49
LH:0
BRF:0
BRH:0
end_of_record
TN:
SF:src\services\epiasClient.ts
FN:14,getTGT
FN:61,fetchMCP
FN:67,(anonymous_3)
FN:126,fetch2YearsData
FN:161,fetchGeneration
FN:164,(anonymous_6)
FN:212,fetchGenerationInChunks
FN:250,(anonymous_8)
FN:265,fetchConsumption
FN:268,(anonymous_10)
FNF:10
FNH:9
FNDA:0,getTGT
FNDA:15,fetchMCP
FNDA:30,(anonymous_3)
FNDA:4,fetch2YearsData
FNDA:10,fetchGeneration
FNDA:20,(anonymous_6)
FNDA:4,fetchGenerationInChunks
FNDA:7,(anonymous_8)
FNDA:3,fetchConsumption
FNDA:6,(anonymous_10)
DA:1,1
DA:5,1
DA:6,1
DA:15,0
DA:16,0
DA:18,0
DA:19,0
DA:22,0
DA:24,0
DA:35,0
DA:37,0
DA:38,0
DA:41,0
DA:42,0
DA:45,0
DA:46,0
DA:61,1
DA:62,15
DA:64,15
DA:67,30
DA:70,15
DA:72,15
DA:73,0
DA:74,0
DA:78,15
DA:94,10
DA:96,10
DA:100,5
DA:101,1
DA:102,1
DA:108,4
DA:112,5
DA:126,1
DA:127,4
DA:130,4
DA:131,4
DA:132,4
DA:134,4
DA:135,4
DA:138,4
DA:141,3
DA:144,2
DA:148,2
DA:150,2
DA:161,1
DA:162,10
DA:163,10
DA:164,20
DA:166,10
DA:167,10
DA:168,0
DA:169,0
DA:172,10
DA:187,9
DA:188,9
DA:191,1
DA:192,0
DA:193,0
DA:199,1
DA:201,1
DA:212,1
DA:213,4
DA:215,4
DA:216,4
DA:217,4
DA:219,4
DA:221,4
DA:223,8
DA:224,8
DA:225,8
DA:228,8
DA:229,3
DA:232,8
DA:234,8
DA:236,8
DA:237,8
DA:238,7
DA:239,7
DA:241,1
DA:242,1
DA:246,7
DA:247,7
DA:250,7
DA:253,3
DA:255,3
DA:265,1
DA:266,3
DA:267,3
DA:268,6
DA:270,3
DA:271,3
DA:272,0
DA:273,0
DA:276,3
DA:291,3
DA:292,3
DA:295,0
DA:296,0
DA:297,0
DA:303,0
DA:305,0
LF:101
LH:75
BRDA:5,0,0,1
BRDA:5,0,1,1
BRDA:18,1,0,0
BRDA:18,1,1,0
BRDA:18,2,0,0
BRDA:18,2,1,0
BRDA:37,3,0,0
BRDA:37,3,1,0
BRDA:70,4,0,15
BRDA:70,4,1,0
BRDA:72,5,0,0
BRDA:72,5,1,15
BRDA:100,6,0,1
BRDA:100,6,1,4
BRDA:166,7,0,10
BRDA:166,7,1,0
BRDA:167,8,0,0
BRDA:167,8,1,10
BRDA:191,9,0,0
BRDA:191,9,1,1
BRDA:223,10,0,8
BRDA:223,10,1,0
BRDA:228,11,0,3
BRDA:228,11,1,5
BRDA:232,12,0,8
BRDA:232,12,1,0
BRDA:270,13,0,3
BRDA:270,13,1,0
BRDA:271,14,0,0
BRDA:271,14,1,3
BRDA:295,15,0,0
BRDA:295,15,1,0
BRF:32
BRH:15
end_of_record
TN:
SF:src\services\verifyEpiasData.ts
FN:33,getTGT
FN:63,fetchMCPFromEPIAS
FN:89,(anonymous_2)
FN:102,verifySuspiciousPrices
FN:144,(anonymous_4)
FN:156,printVerificationReport
FN:223,(anonymous_6)
FN:226,(anonymous_7)
FNF:8
FNH:0
FNDA:0,getTGT
FNDA:0,fetchMCPFromEPIAS
FNDA:0,(anonymous_2)
FNDA:0,verifySuspiciousPrices
FNDA:0,(anonymous_4)
FNDA:0,printVerificationReport
FNDA:0,(anonymous_6)
FNDA:0,(anonymous_7)
DA:10,0
DA:34,0
DA:35,0
DA:37,0
DA:47,0
DA:48,0
DA:49,0
DA:52,0
DA:53,0
DA:54,0
DA:57,0
DA:64,0
DA:65,0
DA:68,0
DA:69,0
DA:70,0
DA:72,0
DA:87,0
DA:88,0
DA:89,0
DA:92,0
DA:94,0
DA:95,0
DA:103,0
DA:104,0
DA:106,0
DA:108,0
DA:116,0
DA:122,0
DA:124,0
DA:125,0
DA:127,0
DA:129,0
DA:137,0
DA:138,0
DA:141,0
DA:144,0
DA:147,0
DA:150,0
DA:157,0
DA:158,0
DA:159,0
DA:161,0
DA:162,0
DA:163,0
DA:165,0
DA:168,0
DA:170,0
DA:171,0
DA:172,0
DA:173,0
DA:175,0
DA:176,0
DA:177,0
DA:178,0
DA:179,0
DA:180,0
DA:182,0
DA:185,0
DA:188,0
DA:191,0
DA:192,0
DA:193,0
DA:194,0
DA:195,0
DA:197,0
DA:198,0
DA:199,0
DA:202,0
DA:203,0
DA:204,0
DA:205,0
DA:208,0
DA:210,0
DA:211,0
DA:214,0
DA:218,0
DA:219,0
DA:220,0
DA:222,0
DA:224,0
DA:227,0
DA:228,0
LF:83
LH:0
BRDA:34,0,0,0
BRDA:34,0,1,0
BRDA:35,1,0,0
BRDA:35,1,1,0
BRDA:48,2,0,0
BRDA:48,2,1,0
BRDA:53,3,0,0
BRDA:53,3,1,0
BRDA:89,4,0,0
BRDA:89,4,1,0
BRDA:89,5,0,0
BRDA:89,5,1,0
BRDA:92,6,0,0
BRDA:92,6,1,0
BRDA:134,7,0,0
BRDA:134,7,1,0
BRDA:137,8,0,0
BRDA:137,8,1,0
BRDA:172,9,0,0
BRDA:172,9,1,0
BRDA:175,10,0,0
BRDA:175,10,1,0
BRDA:178,11,0,0
BRDA:178,11,1,0
BRDA:183,12,0,0
BRDA:183,12,1,0
BRDA:198,13,0,0
BRDA:198,13,1,0
BRDA:204,14,0,0
BRDA:204,14,1,0
BRDA:218,15,0,0
BRDA:218,15,1,0
BRF:32
BRH:0
end_of_record
